<?xml version="1.0" encoding="UTF-8"?>
<!-- Generated by org.testng.reporters.JUnitReportReporter -->
<testsuite skipped="0" hostname="OJAS-DD282" name="com.listeners.ListenersXTest" tests="3" failures="0" timestamp="07 Jan 2021 10:18:53 GMT" time="0.016" errors="0">
  <testcase name="setUp" time="0.013" classname="com.listeners.ListenersXTest"/>
  <testcase name="test1" time="0.002" classname="com.listeners.ListenersXTest"/>
  <testcase name="test2" time="0.001" classname="com.listeners.ListenersXTest"/>
</testsuite> <!-- com.listeners.ListenersXTest -->
