<?xml version="1.0" encoding="UTF-8"?>
<!-- Generated by org.testng.reporters.JUnitReportReporter -->
<testsuite skipped="0" hostname="OJAS-DD282" name="com.listeners.ListenersTest" tests="3" failures="0" timestamp="07 Jan 2021 09:45:50 GMT" time="0.036" errors="0">
  <testcase name="setUp" time="0.032" classname="com.listeners.ListenersTest"/>
  <testcase name="test2" time="0.004" classname="com.listeners.ListenersTest"/>
  <testcase name="test1" time="0.000" classname="com.listeners.ListenersTest"/>
</testsuite> <!-- com.listeners.ListenersTest -->
